<?xml version="1.0" encoding="UTF-8"?>
<Site BuildName="(empty)"
	BuildStamp="20241123-0828-Experimental"
	Name="(empty)"
	Generator="ctest-3.31.0"
	CompilerName=""
	CompilerVersion=""
	OSName="Windows"
	Hostname="LAPTOP-5F3VOSRE"
	OSRelease=" Professional"
	OSVersion=" (Build 22631)"
	OSPlatform="AMD64"
	Is64Bits="1"
	VendorString="AuthenticAMD"
	VendorID="Advanced Micro Devices"
	FamilyID="15"
	ModelID="4"
	ModelName="AMD Ryzen 9 6900HS with Radeon Graphics        "
	ProcessorCacheSize="64"
	NumberOfLogicalCPU="16"
	NumberOfPhysicalCPU="8"
	TotalVirtualMemory="24271"
	TotalPhysicalMemory="14060"
	LogicalProcessorsPerPhysical="2"
	ProcessorClockFrequency="3293"
	>
	<Testing>
		<StartDateTime>Nov 23 03:28 Eastern Standard Time</StartDateTime>
		<StartTestTime>1732350524</StartTestTime>
		<TestList/>
		<EndDateTime>Nov 23 03:28 Eastern Standard Time</EndDateTime>
		<EndTestTime>1732350524</EndTestTime>
		<ElapsedMinutes>0</ElapsedMinutes>
	</Testing>
</Site>
